<?xml version="1.0" encoding="UTF-8"?>
<testsuite xmlns:xsi="http://www.w3.org/2001/XMLSchema-instance" xsi:schemaLocation="https://maven.apache.org/surefire/maven-surefire-plugin/xsd/surefire-test-report.xsd" name="AddMinimalToDoTest" time="94.445" tests="2" errors="0" skipped="0" failures="0">
  <properties>
[...]
</properties>
  <testcase name="addToDoNoteWithDefaultReminder" classname="org.auto.tests.AddMinimalToDoTest" time="57.677"/>
  <testcase name="addSimpleToDoNote" classname="org.auto.tests.AddMinimalToDoTest" time="36.476"/>
</testsuite>